<?xml version="1.0" encoding="UTF-8"?>
<testng-results skipped="0" failed="0" ignored="0" total="1" passed="1">
  <reporter-output>
  </reporter-output>
  <suite name="Suite" duration-ms="113732" started-at="2020-08-08T12:13:29 IST" finished-at="2020-08-08T12:15:22 IST">
    <groups>
    </groups>
    <test name="Test" duration-ms="113732" started-at="2020-08-08T12:13:29 IST" finished-at="2020-08-08T12:15:22 IST">
      <class name="testcases.Booking">
        <test-method status="PASS" signature="browserinit(java.lang.String, java.lang.String, java.lang.String)[pri:0, instance:testcases.Booking@1f7030a6]" name="browserinit" is-config="true" duration-ms="8197" started-at="2020-08-08T12:13:29 IST" finished-at="2020-08-08T12:13:37 IST">
          <params>
            <param index="0">
              <value>
                <![CDATA[Windows]]>
              </value>
            </param>
            <param index="1">
              <value>
                <![CDATA[Chrome]]>
              </value>
            </param>
            <param index="2">
              <value>
                <![CDATA[https://www.goibibo.com/]]>
              </value>
            </param>
          </params>
          <reporter-output>
          </reporter-output>
        </test-method> <!-- browserinit -->
        <test-method status="PASS" signature="bookingTicket()[pri:0, instance:testcases.Booking@1f7030a6]" name="bookingTicket" duration-ms="104719" started-at="2020-08-08T12:13:37 IST" finished-at="2020-08-08T12:15:22 IST">
          <reporter-output>
          </reporter-output>
        </test-method> <!-- bookingTicket -->
        <test-method status="PASS" signature="browserClose()[pri:0, instance:testcases.Booking@1f7030a6]" name="browserClose" is-config="true" duration-ms="732" started-at="2020-08-08T12:15:22 IST" finished-at="2020-08-08T12:15:22 IST">
          <reporter-output>
          </reporter-output>
        </test-method> <!-- browserClose -->
      </class> <!-- testcases.Booking -->
    </test> <!-- Test -->
  </suite> <!-- Suite -->
</testng-results>
